{
  "RSpec": {
    "coverage": {
      "/Users/simontinsley/Projects/Makers/tech-tests/bank/spec/account_spec.rb": {
        "lines": [
          1,
          null,
          1,
          6,
          6,
          6,
          6,
          6,
          null,
          1,
          1,
          null,
          null,
          1,
          1,
          1,
          1,
          null,
          null,
          1,
          1,
          1,
          1,
          null,
          null,
          null,
          1,
          1,
          1,
          1,
          1,
          null,
          null,
          1,
          1,
          1,
          1,
          null,
          null,
          null
        ]
      },
      "/Users/simontinsley/Projects/Makers/tech-tests/bank/lib/account.rb": {
        "lines": [
          null,
          null,
          1,
          1,
          null,
          1,
          1,
          null,
          1,
          5,
          5,
          5,
          null,
          null,
          1,
          3,
          3,
          null,
          null,
          1,
          2,
          2,
          null,
          null
        ]
      },
      "/Users/simontinsley/Projects/Makers/tech-tests/bank/lib/statement.rb": {
        "lines": [
          null,
          null,
          1,
          1,
          null,
          1,
          4,
          null,
          null,
          1,
          2,
          2,
          2,
          2,
          2,
          2,
          null,
          null,
          null,
          2,
          null,
          null,
          1,
          1,
          null,
          null
        ]
      },
      "/Users/simontinsley/Projects/Makers/tech-tests/bank/lib/transaction.rb": {
        "lines": [
          null,
          null,
          1,
          1,
          null,
          1,
          1,
          1,
          1,
          1,
          null,
          null
        ]
      },
      "/Users/simontinsley/Projects/Makers/tech-tests/bank/spec/statement_spec.rb": {
        "lines": [
          1,
          null,
          1,
          null,
          5,
          3,
          2,
          null,
          1,
          1,
          null,
          null,
          1,
          1,
          1,
          1,
          null,
          null,
          1,
          1,
          1,
          1,
          null,
          null,
          null,
          1,
          1,
          1,
          1,
          null,
          null,
          null,
          null
        ]
      },
      "/Users/simontinsley/Projects/Makers/tech-tests/bank/spec/transaction_spec.rb": {
        "lines": [
          1,
          null,
          1,
          2,
          null,
          1,
          1,
          null,
          null
        ]
      }
    },
    "timestamp": 1655798446
  }
}
